<?xml version="1.0" encoding="UTF-8"?>
<testsuite xmlns:xsi="http://www.w3.org/2001/XMLSchema-instance" xsi:noNamespaceSchemaLocation="https://maven.apache.org/surefire/maven-surefire-plugin/xsd/surefire-test-report-3.0.xsd" version="3.0" name="com.e_commerce.product.Unit.ProductServiceTest" time="1.854" tests="6" errors="0" skipped="0" failures="0">
  <properties>
[...]
</properties>
  <testcase name="createProduct_successfully_creates_product" classname="com.e_commerce.product.Unit.ProductServiceTest" time="1.805">
    <system-err><![CDATA[Mockito is currently self-attaching to enable the inline-mock-maker. This will no longer work in future releases of the JDK. Please add Mockito as an agent to your build as described in Mockito's documentation: https://javadoc.io/doc/org.mockito/mockito-core/latest/org.mockito/org/mockito/Mockito.html#0.3
WARNING: A Java agent has been loaded dynamically (C:\Users\Lenovo\.m2\repository\net\bytebuddy\byte-buddy-agent\1.17.7\byte-buddy-agent-1.17.7.jar)
WARNING: If a serviceability tool is in use, please run with -XX:+EnableDynamicAgentLoading to hide this warning
WARNING: If a serviceability tool is not in use, please run with -Djdk.instrument.traceUsage for more information
WARNING: Dynamic loading of agents will be disallowed by default in a future release
]]></system-err>
  </testcase>
  <testcase name="createProduct_fails_when_quantity_is_negative" classname="com.e_commerce.product.Unit.ProductServiceTest" time="0"/>
  <testcase name="purchaseProducts_decreases_stock_successfully" classname="com.e_commerce.product.Unit.ProductServiceTest" time="0.021"/>
  <testcase name="createProduct_fails_when_name_is_blank" classname="com.e_commerce.product.Unit.ProductServiceTest" time="0.003"/>
  <testcase name="createProduct_fails_when_description_is_null" classname="com.e_commerce.product.Unit.ProductServiceTest" time="0.006"/>
  <testcase name="purchaseProducts_fails_when_stock_is_insufficient" classname="com.e_commerce.product.Unit.ProductServiceTest" time="0.005"/>
</testsuite>