<?xml version="1.0" encoding="UTF-8"?>
<testsuite xmlns:xsi="http://www.w3.org/2001/XMLSchema-instance" xsi:noNamespaceSchemaLocation="https://maven.apache.org/surefire/maven-surefire-plugin/xsd/surefire-test-report.xsd" version="3.0.2" name="com.e_commerce.product.Integration.ProductServiceIntegrationTest" time="25.263" tests="1" errors="0" skipped="0" failures="0">
  <properties>
[...]
</properties>
  <testcase name="createProduct_persists_and_returns_product" classname="com.e_commerce.product.Integration.ProductServiceIntegrationTest" time="0.91">
    <system-out><![CDATA[00:37:49.255 [main] INFO org.springframework.test.context.support.AnnotationConfigContextLoaderUtils -- Could not detect default configuration classes for test class [com.e_commerce.product.Integration.ProductServiceIntegrationTest]: ProductServiceIntegrationTest does not declare any static, non-private, non-final, nested classes annotated with @Configuration.
00:37:49.684 [main] INFO org.springframework.boot.test.context.SpringBootTestContextBootstrapper -- Found @SpringBootConfiguration com.e_commerce.ProductApplication for test class com.e_commerce.product.Integration.ProductServiceIntegrationTest
00:37:49.978 [main] INFO org.testcontainers.images.PullPolicy -- Image pull policy will be performed by: DefaultPullPolicy()
00:37:49.978 [main] INFO org.testcontainers.utility.ImageNameSubstitutor -- Image name substitution will be performed by: DefaultImageNameSubstitutor (composite of 'ConfigurationFileImageNameSubstitutor' and 'PrefixingImageNameSubstitutor')
00:37:50.074 [main] INFO org.testcontainers.DockerClientFactory -- Testcontainers version: 1.21.3
00:37:50.575 [main] INFO org.testcontainers.dockerclient.DockerClientProviderStrategy -- Loaded org.testcontainers.dockerclient.NpipeSocketClientProviderStrategy from ~/.testcontainers.properties, will try it first
00:37:51.199 [main] INFO org.testcontainers.dockerclient.DockerClientProviderStrategy -- Found Docker environment with local Npipe socket (npipe:////./pipe/docker_engine)
00:37:51.199 [main] INFO org.testcontainers.DockerClientFactory -- Docker host IP address is localhost
00:37:51.236 [main] INFO org.testcontainers.DockerClientFactory -- Connected to docker: 
  Server Version: 28.1.1
  API Version: 1.49
  Operating System: Docker Desktop
  Total Memory: 7830 MB
  Labels: 
    com.docker.desktop.address=npipe://\\.\pipe\docker_cli
00:37:51.681 [main] INFO tc.testcontainers/ryuk:0.12.0 -- Creating container for image: testcontainers/ryuk:0.12.0
00:37:51.899 [main] INFO org.testcontainers.utility.RegistryAuthLocator -- Credential helper/store (docker-credential-desktop) does not have credentials for https://index.docker.io/v1/
00:37:52.330 [main] INFO tc.testcontainers/ryuk:0.12.0 -- Container testcontainers/ryuk:0.12.0 is starting: 69ffc8d9a897bb856aaba45d1ab98d75485165708015b578d6fe9b81426f2d8b
00:37:53.181 [main] INFO tc.testcontainers/ryuk:0.12.0 -- Container testcontainers/ryuk:0.12.0 started in PT1.5005229S
00:37:53.198 [main] INFO org.testcontainers.utility.RyukResourceReaper -- Ryuk started - will monitor and terminate Testcontainers containers on JVM exit
00:37:53.198 [main] INFO org.testcontainers.DockerClientFactory -- Checking the system...
00:37:53.199 [main] INFO org.testcontainers.DockerClientFactory -- ✔︎ Docker server version should be at least 1.6.0
00:37:53.199 [main] INFO tc.postgres:15 -- Creating container for image: postgres:15
00:37:53.383 [main] INFO tc.postgres:15 -- Container postgres:15 is starting: 247d8fd23f56a12d17168bed690414fcf4f1fdf8f63375c8b08afc4d2235e251
00:37:55.976 [main] INFO tc.postgres:15 -- Container postgres:15 started in PT2.7765277S
00:37:55.977 [main] INFO tc.postgres:15 -- Container is started (JDBC URL: jdbc:postgresql://localhost:50578/product_test?loggerLevel=OFF)

  .   ____          _            __ _ _
 /\\ / ___'_ __ _ _(_)_ __  __ _ \ \ \ \
( ( )\___ | '_ | '_| | '_ \/ _` | \ \ \ \
 \\/  ___)| |_)| | | | | || (_| |  ) ) ) )
  '  |____| .__|_| |_|_| |_\__, | / / / /
 =========|_|==============|___/=/_/_/_/

 :: Spring Boot ::                (v3.5.6)

2026-02-13T00:37:58.896+01:00  INFO 25728 --- [product] [           main] [                                                 ] c.e.p.I.ProductServiceIntegrationTest    : Starting ProductServiceIntegrationTest using Java 23.0.1 with PID 25728 (started by Lenovo in C:\Users\Lenovo\Desktop\product-management)
2026-02-13T00:37:58.897+01:00  INFO 25728 --- [product] [           main] [                                                 ] c.e.p.I.ProductServiceIntegrationTest    : No active profile set, falling back to 1 default profile: "default"
2026-02-13T00:37:58.973+01:00  INFO 25728 --- [product] [           main] [                                                 ] o.s.c.c.c.ConfigServerConfigDataLoader   : Fetching config from server at : http://localhost:8888
2026-02-13T00:37:58.973+01:00  INFO 25728 --- [product] [           main] [                                                 ] o.s.c.c.c.ConfigServerConfigDataLoader   : Located environment: name=product, profiles=[default], label=null, version=null, state=null
2026-02-13T00:38:01.804+01:00  INFO 25728 --- [product] [           main] [                                                 ] .s.d.r.c.RepositoryConfigurationDelegate : Bootstrapping Spring Data JPA repositories in DEFAULT mode.
2026-02-13T00:38:02.210+01:00  INFO 25728 --- [product] [           main] [                                                 ] .s.d.r.c.RepositoryConfigurationDelegate : Finished Spring Data repository scanning in 378 ms. Found 2 JPA repository interfaces.
2026-02-13T00:38:02.599+01:00  INFO 25728 --- [product] [           main] [                                                 ] o.s.cloud.context.scope.GenericScope     : BeanFactory id=899052d8-6685-3ff6-a0b5-6da76e6a21b5
2026-02-13T00:38:04.102+01:00  INFO 25728 --- [product] [           main] [                                                 ] org.flywaydb.core.FlywayExecutor         : Database: jdbc:postgresql://localhost:50578/product_test?loggerLevel=OFF (PostgreSQL 15.16)
2026-02-13T00:38:04.178+01:00  INFO 25728 --- [product] [           main] [                                                 ] org.flywaydb.core.Flyway                 : All configured schemas are empty; baseline operation skipped. A baseline or migration script with a lower version than the baseline version may execute if available. Check the Schemas parameter if this is not intended.
2026-02-13T00:38:04.192+01:00  INFO 25728 --- [product] [           main] [                                                 ] o.f.c.i.s.JdbcTableSchemaHistory         : Creating Schema History table "public"."flyway_schema_history" ...
2026-02-13T00:38:04.371+01:00  INFO 25728 --- [product] [           main] [                                                 ] o.f.core.internal.command.DbMigrate      : Current version of schema "public": << Empty Schema >>
2026-02-13T00:38:04.395+01:00  INFO 25728 --- [product] [           main] [                                                 ] o.f.core.internal.command.DbMigrate      : Migrating schema "public" to version "1 - init database"
2026-02-13T00:38:04.463+01:00  INFO 25728 --- [product] [           main] [                                                 ] o.f.core.internal.command.DbMigrate      : Successfully applied 1 migration to schema "public", now at version v1 (execution time 00:00.027s)
2026-02-13T00:38:04.824+01:00  INFO 25728 --- [product] [           main] [                                                 ] o.hibernate.jpa.internal.util.LogHelper  : HHH000204: Processing PersistenceUnitInfo [name: default]
2026-02-13T00:38:05.018+01:00  INFO 25728 --- [product] [           main] [                                                 ] org.hibernate.Version                    : HHH000412: Hibernate ORM core version 6.6.29.Final
2026-02-13T00:38:05.110+01:00  INFO 25728 --- [product] [           main] [                                                 ] o.h.c.internal.RegionFactoryInitiator    : HHH000026: Second-level cache disabled
2026-02-13T00:38:05.811+01:00  INFO 25728 --- [product] [           main] [                                                 ] o.s.o.j.p.SpringPersistenceUnitInfo      : No LoadTimeWeaver setup: ignoring JPA class transformer
2026-02-13T00:38:05.890+01:00  INFO 25728 --- [product] [           main] [                                                 ] com.zaxxer.hikari.HikariDataSource       : HikariPool-1 - Starting...
2026-02-13T00:38:05.982+01:00  INFO 25728 --- [product] [           main] [                                                 ] com.zaxxer.hikari.pool.HikariPool        : HikariPool-1 - Added connection org.postgresql.jdbc.PgConnection@3aae9e8f
2026-02-13T00:38:05.986+01:00  INFO 25728 --- [product] [           main] [                                                 ] com.zaxxer.hikari.HikariDataSource       : HikariPool-1 - Start completed.
2026-02-13T00:38:06.063+01:00  WARN 25728 --- [product] [           main] [                                                 ] org.hibernate.orm.deprecation            : HHH90000025: PostgreSQLDialect does not need to be specified explicitly using 'hibernate.dialect' (remove the property setting and it will be selected by default)
2026-02-13T00:38:06.128+01:00  INFO 25728 --- [product] [           main] [                                                 ] org.hibernate.orm.connections.pooling    : HHH10001005: Database info:
	Database JDBC URL [Connecting through datasource 'HikariDataSource (HikariPool-1)']
	Database driver: undefined/unknown
	Database version: 15.16
	Autocommit mode: undefined/unknown
	Isolation level: undefined/unknown
	Minimum pool size: undefined/unknown
	Maximum pool size: undefined/unknown
2026-02-13T00:38:07.645+01:00  INFO 25728 --- [product] [           main] [                                                 ] o.h.e.t.j.p.i.JtaPlatformInitiator       : HHH000489: No JTA platform available (set 'hibernate.transaction.jta.platform' to enable JTA platform integration)
2026-02-13T00:38:07.724+01:00  INFO 25728 --- [product] [           main] [                                                 ] j.LocalContainerEntityManagerFactoryBean : Initialized JPA EntityManagerFactory for persistence unit 'default'
2026-02-13T00:38:09.172+01:00  WARN 25728 --- [product] [           main] [                                                 ] JpaBaseConfiguration$JpaWebConfiguration : spring.jpa.open-in-view is enabled by default. Therefore, database queries may be performed during view rendering. Explicitly configure spring.jpa.open-in-view to disable this warning
2026-02-13T00:38:12.300+01:00  INFO 25728 --- [product] [           main] [                                                 ] o.s.cloud.commons.util.InetUtils         : Cannot determine local hostname
2026-02-13T00:38:12.332+01:00  INFO 25728 --- [product] [           main] [                                                 ] DiscoveryClientOptionalArgsConfiguration : Eureka HTTP Client uses RestTemplate.
2026-02-13T00:38:12.423+01:00  WARN 25728 --- [product] [           main] [                                                 ] iguration$LoadBalancerCaffeineWarnLogger : Spring Cloud LoadBalancer is currently working with the default cache. While this cache implementation is useful for development and tests, it's recommended to use Caffeine cache in production.You can switch to using Caffeine cache, by adding it and org.springframework.cache.caffeine.CaffeineCacheManager to the classpath.
2026-02-13T00:38:12.438+01:00  INFO 25728 --- [product] [           main] [                                                 ] o.s.b.a.e.web.EndpointLinksResolver      : Exposing 1 endpoint beneath base path '/actuator'
2026-02-13T00:38:12.576+01:00  INFO 25728 --- [product] [           main] [                                                 ] c.e.p.I.ProductServiceIntegrationTest    : Started ProductServiceIntegrationTest in 16.162 seconds (process running for 24.954)
]]></system-out>
    <system-err><![CDATA[Mockito is currently self-attaching to enable the inline-mock-maker. This will no longer work in future releases of the JDK. Please add Mockito as an agent to your build as described in Mockito's documentation: https://javadoc.io/doc/org.mockito/mockito-core/latest/org.mockito/org/mockito/Mockito.html#0.3
WARNING: A Java agent has been loaded dynamically (C:\Users\Lenovo\.m2\repository\net\bytebuddy\byte-buddy-agent\1.17.7\byte-buddy-agent-1.17.7.jar)
WARNING: If a serviceability tool is in use, please run with -XX:+EnableDynamicAgentLoading to hide this warning
WARNING: If a serviceability tool is not in use, please run with -Djdk.instrument.traceUsage for more information
WARNING: Dynamic loading of agents will be disallowed by default in a future release
]]></system-err>
  </testcase>
</testsuite>